<?xml version="1.0" encoding="UTF-8"?>
<!-- Generated by org.testng.reporters.JUnitReportReporter -->
<testsuite hostname="kausik-Vostro-260" name="TestEmployeeDetails" tests="2" failures="0" timestamp="16 Nov 2017 11:35:52 GMT" time="0.003" errors="0">
  <testcase name="testCalculateYearlySalary" time="0.001" classname="TestEmployeeDetails"/>
  <testcase name="testCalculateAppriasal" time="0.002" classname="TestEmployeeDetails"/>
</testsuite> <!-- TestEmployeeDetails -->
